[11/13/22 08:08:52] [ERROR] Error while retrieving HTTP POST response from '/api/v8/channels/1015083340077994094/messages': end of stream
[11/13/22 08:22:26] [ERROR] DCC_SendChannelMessage: invalid channel id '0'
[11/13/22 10:32:13] [ERROR] Can't write to Discord websocket gateway: Operation canceled (125)
[11/13/22 10:47:51] [ERROR] Can't write to Discord websocket gateway: Operation canceled (125)
[11/13/22 12:49:11] [ERROR] Can't write to Discord websocket gateway: Operation canceled (125)
[11/13/22 13:18:42] [ERROR] DCC_SendChannelMessage: invalid channel id '0'
[11/13/22 13:19:59] [ERROR] DCC_SendChannelMessage: invalid channel id '0'
[11/13/22 13:20:32] [ERROR] DCC_SendChannelMessage: invalid channel id '0'
[11/13/22 14:13:14] [ERROR] Error while retrieving HTTP PUT response from '/api/v8/guilds/913002910219132938/members/949879218861375518/roles/948453711427018812': end of stream
[11/13/22 15:36:15] [ERROR] Can't write to Discord websocket gateway: Operation canceled (125)
[11/13/22 17:52:13] [ERROR] Can't write to Discord websocket gateway: Operation canceled (125)
[11/13/22 17:52:14] [ERROR] Discord terminated websocket connection; reason: Not authenticated. (4003)
[11/13/22 17:52:14] [ERROR] Can't write to Discord websocket gateway: Operation canceled (125)
[11/13/22 20:48:39] [ERROR] Can't write to Discord websocket gateway: Operation canceled (125)
[11/13/22 23:29:53] [ERROR] Can't write to Discord websocket gateway: Operation canceled (125)
[11/13/22 23:29:53] [ERROR] Discord terminated websocket connection; reason: Not authenticated. (4003)
[11/14/22 00:50:15] [ERROR] Can't write to Discord websocket gateway: Operation canceled (125)
[11/14/22 02:14:29] [ERROR] Can't write to Discord websocket gateway: Operation canceled (125)
[11/14/22 02:14:29] [ERROR] Discord terminated websocket connection; reason: Not authenticated. (4003)
[11/14/22 02:14:29] [ERROR] Can't write to Discord websocket gateway: Operation canceled (125)
[11/14/22 02:14:30] [ERROR] Discord terminated websocket connection; reason: Not authenticated. (4003)
[11/14/22 02:25:47] [ERROR] DCC_SendChannelMessage: invalid channel id '0'
[11/14/22 05:49:35] [ERROR] Discord terminated websocket connection; reason: Rate limited. (4008)
[11/14/22 05:49:35] [ERROR] Can't write to Discord websocket gateway: Operation canceled (125)
[11/14/22 07:57:43] [ERROR] Discord terminated websocket connection; reason: Rate limited. (4008)
[11/14/22 07:57:43] [ERROR] Can't write to Discord websocket gateway: Operation canceled (125)
[11/14/22 08:35:45] [ERROR] Discord terminated websocket connection; reason: Rate limited. (4008)
[11/14/22 08:35:45] [ERROR] Can't write to Discord websocket gateway: Operation canceled (125)
[11/14/22 11:31:12] [WARNING] Unknown gateway event 'GUILD_JOIN_REQUEST_UPDATE'
[11/14/22 12:18:16] [ERROR] Can't write to Discord websocket gateway: Operation canceled (125)
[11/14/22 12:48:20] [WARNING] Unknown gateway event 'GUILD_JOIN_REQUEST_UPDATE'
[11/14/22 15:33:16] [ERROR] Can't write to Discord websocket gateway: Operation canceled (125)
[11/14/22 15:33:17] [ERROR] Discord terminated websocket connection; reason: Not authenticated. (4003)
[11/14/22 15:33:17] [ERROR] Can't write to Discord websocket gateway: Operation canceled (125)
[11/14/22 19:20:13] [ERROR] Can't write to Discord websocket gateway: Operation canceled (125)
[11/14/22 19:20:13] [ERROR] Discord terminated websocket connection; reason: Not authenticated. (4003)
[11/14/22 19:20:13] [ERROR] Can't write to Discord websocket gateway: Operation canceled (125)
[11/14/22 22:02:33] [ERROR] Can't write to Discord websocket gateway: Operation canceled (125)
[11/14/22 22:02:33] [ERROR] Discord terminated websocket connection; reason: Not authenticated. (4003)
[11/14/22 22:02:33] [ERROR] Can't write to Discord websocket gateway: Operation canceled (125)
[11/15/22 01:19:29] [ERROR] Can't write to Discord websocket gateway: Operation canceled (125)
[11/15/22 02:17:43] [ERROR] Can't write to Discord websocket gateway: Operation canceled (125)
[11/15/22 02:17:44] [ERROR] Discord terminated websocket connection; reason: Not authenticated. (4003)
[11/15/22 02:17:44] [ERROR] Can't write to Discord websocket gateway: Operation canceled (125)
[11/15/22 03:34:25] [ERROR] Can't write to Discord websocket gateway: Operation canceled (125)
[11/15/22 05:56:03] [ERROR] Can't write to Discord websocket gateway: Operation canceled (125)
[11/15/22 05:56:04] [ERROR] Discord terminated websocket connection; reason: Not authenticated. (4003)
[11/15/22 05:56:04] [ERROR] Can't write to Discord websocket gateway: Operation canceled (125)
[11/15/22 05:56:05] [ERROR] Discord terminated websocket connection; reason: Not authenticated. (4003)
[11/15/22 05:56:05] [ERROR] Can't write to Discord websocket gateway: Operation canceled (125)
[11/15/22 07:00:05] [ERROR] Discord terminated websocket connection; reason: Rate limited. (4008)
[11/15/22 07:00:05] [ERROR] Can't write to Discord websocket gateway: Operation canceled (125)
[11/15/22 07:43:32] [ERROR] Can't write to Discord websocket gateway: Operation canceled (125)
[11/15/22 07:43:32] [ERROR] Discord terminated websocket connection; reason: Not authenticated. (4003)
[11/15/22 07:43:32] [ERROR] Can't write to Discord websocket gateway: Operation canceled (125)
[11/15/22 08:34:32] [ERROR] Discord terminated websocket connection; reason: Rate limited. (4008)
[11/15/22 08:34:32] [ERROR] Can't write to Discord websocket gateway: Operation canceled (125)
[11/15/22 09:50:20] [ERROR] Discord terminated websocket connection; reason:  (0)
[11/15/22 09:50:20] [ERROR] Can't write to Discord websocket gateway: Operation canceled (125)
[11/15/22 10:07:25] [ERROR] Can't write to Discord websocket gateway: Operation canceled (125)
[11/15/22 11:47:21] [ERROR] Error while retrieving HTTP POST response from '/api/v8/channels/1015189914331140138/messages': end of stream
[11/15/22 15:14:52] [ERROR] Can't write to Discord websocket gateway: Operation canceled (125)
[11/15/22 16:51:08] [ERROR] Can't write to Discord websocket gateway: Operation canceled (125)
[11/15/22 16:51:09] [ERROR] Discord terminated websocket connection; reason: Not authenticated. (4003)
[11/15/22 16:51:09] [ERROR] Can't write to Discord websocket gateway: Operation canceled (125)
[11/15/22 17:07:22] [ERROR] Discord terminated websocket connection; reason:  (0)
[11/15/22 17:07:22] [ERROR] Can't write to Discord websocket gateway: Operation canceled (125)
[11/15/22 17:16:08] [ERROR] Discord terminated websocket connection; reason:  (0)
[11/15/22 17:16:08] [ERROR] Can't write to Discord websocket gateway: Operation canceled (125)
[11/15/22 17:31:43] [ERROR] Can't write to Discord websocket gateway: Operation canceled (125)
[11/15/22 17:31:43] [ERROR] Discord terminated websocket connection; reason: Not authenticated. (4003)
[11/15/22 17:31:43] [ERROR] Can't write to Discord websocket gateway: Operation canceled (125)
[11/15/22 19:16:04] [ERROR] Discord terminated websocket connection; reason:  (1001)
[11/15/22 19:16:04] [ERROR] Can't write to Discord websocket gateway: Operation canceled (125)
[11/15/22 20:15:58] [ERROR] Discord terminated websocket connection; reason:  (0)
[11/15/22 20:15:58] [ERROR] Can't write to Discord websocket gateway: Operation canceled (125)
[11/15/22 20:32:19] [ERROR] Can't write to Discord websocket gateway: Operation canceled (125)
[11/15/22 23:21:47] [ERROR] Discord terminated websocket connection; reason:  (0)
[11/15/22 23:21:47] [ERROR] Can't write to Discord websocket gateway: Operation canceled (125)
[11/15/22 23:44:13] [ERROR] Discord terminated websocket connection; reason:  (1001)
[11/15/22 23:44:13] [ERROR] Can't write to Discord websocket gateway: Operation canceled (125)
[11/16/22 00:57:14] [ERROR] Discord terminated websocket connection; reason: Rate limited. (4008)
[11/16/22 00:57:14] [ERROR] Can't write to Discord websocket gateway: Operation canceled (125)
[11/16/22 03:33:04] [ERROR] Can't write to Discord websocket gateway: Operation canceled (125)
[11/16/22 03:53:04] [ERROR] Discord terminated websocket connection; reason: Rate limited. (4008)
[11/16/22 03:53:04] [ERROR] Can't write to Discord websocket gateway: Operation canceled (125)
[11/16/22 05:05:07] [ERROR] Discord terminated websocket connection; reason: Rate limited. (4008)
[11/16/22 05:05:07] [ERROR] Can't write to Discord websocket gateway: Operation canceled (125)
[11/16/22 05:31:27] [ERROR] Can't write to Discord websocket gateway: Operation canceled (125)
[11/16/22 05:31:27] [ERROR] Discord terminated websocket connection; reason: Not authenticated. (4003)
[11/16/22 05:31:27] [ERROR] Can't write to Discord websocket gateway: Operation canceled (125)
[11/16/22 08:47:20] [ERROR] Can't write to Discord websocket gateway: Operation canceled (125)
[11/16/22 08:47:20] [ERROR] Discord terminated websocket connection; reason: Not authenticated. (4003)
[11/16/22 08:47:20] [ERROR] Can't write to Discord websocket gateway: Operation canceled (125)
[11/16/22 08:47:21] [ERROR] Discord terminated websocket connection; reason: Not authenticated. (4003)
[11/16/22 08:47:21] [ERROR] Can't write to Discord websocket gateway: Operation canceled (125)
[11/16/22 10:17:25] [ERROR] Discord terminated websocket connection; reason: Rate limited. (4008)
[11/16/22 10:17:25] [ERROR] Can't write to Discord websocket gateway: Operation canceled (125)
[11/16/22 11:28:09] [ERROR] Can't write to Discord websocket gateway: Operation canceled (125)
[11/16/22 14:44:54] [ERROR] Can't write to Discord websocket gateway: Operation canceled (125)
[11/16/22 14:44:55] [ERROR] Discord terminated websocket connection; reason: Not authenticated. (4003)
[11/16/22 14:44:55] [ERROR] Can't write to Discord websocket gateway: Operation canceled (125)
[11/16/22 16:44:24] [ERROR] Discord terminated websocket connection; reason:  (0)
[11/16/22 16:44:24] [ERROR] Can't write to Discord websocket gateway: Operation canceled (125)
[11/16/22 16:44:25] [ERROR] Discord terminated websocket connection; reason: Not authenticated. (4003)
[11/16/22 16:44:25] [ERROR] Can't write to Discord websocket gateway: Operation canceled (125)
